<?xml version="1.0" encoding="UTF-8"?>
<!-- Generated by org.testng.reporters.JUnitReportReporter -->
<testsuite skipped="0" hostname="DESKTOP-0FSG9OD" name="testMethods.UnitTestPhoneNumber" tests="5" failures="0" timestamp="25 Feb 2021 16:22:35 GMT" time="0.046" errors="0">
  <testcase name="TC2_phoneNumebrWith10Characters" time="0.004" classname="testMethods.UnitTestPhoneNumber"/>
  <testcase name="TC3_phoneNumebrWithMixCharactersandNumber" time="0.004" classname="testMethods.UnitTestPhoneNumber"/>
  <testcase name="TC1_ValidTenDigits" time="0.029" classname="testMethods.UnitTestPhoneNumber"/>
  <testcase name="TC4_phoneNumebrWithMoreThan10Digit" time="0.005" classname="testMethods.UnitTestPhoneNumber"/>
  <testcase name="TC5_phoneNumebrWithLessThan10Digit" time="0.004" classname="testMethods.UnitTestPhoneNumber"/>
</testsuite> <!-- testMethods.UnitTestPhoneNumber -->
