<?xml version="1.0" encoding="UTF-8"?>
<!-- Generated by org.testng.reporters.JUnitReportReporter -->
<testsuite skipped="0" hostname="DESKTOP-0FSG9OD" name="testMethods.TulipTest" tests="2" failures="0" timestamp="16 Jul 2020 19:28:24 GMT" time="46.211" errors="0">
  <testcase name="test" time="36.501" classname="testMethods.TulipTest"/>
  <testcase name="test" time="9.710" classname="testMethods.TulipTest"/>
</testsuite> <!-- testMethods.TulipTest -->
