<?xml version="1.0" encoding="UTF-8"?>
<!-- Generated by org.testng.reporters.JUnitReportReporter -->
<testsuite skipped="0" hostname="DESKTOP-0FSG9OD" name="testMethods.DynamicContentTest" tests="3" failures="0" timestamp="24 Feb 2021 17:52:01 GMT" time="18.439" errors="0">
  <testcase name="verifyAvatarsCount" time="4.739" classname="testMethods.DynamicContentTest"/>
  <testcase name="verifyWordLength" time="9.725" classname="testMethods.DynamicContentTest"/>
  <testcase name="verifyForkMeonGitLink" time="3.975" classname="testMethods.DynamicContentTest"/>
</testsuite> <!-- testMethods.DynamicContentTest -->
