<?xml version="1.0" encoding="UTF-8"?>
<!-- Generated by org.testng.reporters.JUnitReportReporter -->
<testsuite skipped="0" hostname="DESKTOP-0FSG9OD" name="testMethods.GoogleTest" tests="2" failures="0" timestamp="13 Oct 2020 19:50:34 GMT" time="15.326" errors="0">
  <testcase name="googleSearchTest1" time="9.526" classname="testMethods.GoogleTest"/>
  <testcase name="googleSearchTest2" time="5.800" classname="testMethods.GoogleTest"/>
</testsuite> <!-- testMethods.GoogleTest -->
