<?xml version="1.0" encoding="UTF-8"?>
<!-- Generated by org.testng.reporters.JUnitReportReporter -->
<testsuite skipped="0" hostname="DESKTOP-0FSG9OD" name="testMethods.TestMethod" tests="1" failures="0" timestamp="15 Jul 2020 16:26:26 GMT" time="86.180" errors="0">
  <testcase name="test1" time="86.180" classname="testMethods.TestMethod"/>
</testsuite> <!-- testMethods.TestMethod -->
